# JRE version: Java(TM) SE Runtime Environment (7.0_75-b13) (build 1.7.0_75-b13)
# Java VM: Java HotSpot(TM) 64-Bit Server VM (24.75-b04 mixed mode windows-amd64 compressed oops)
Heap
 PSYoungGen      total 36352K, used 27791K [0x00000000eaa80000, 0x00000000ed080000, 0x0000000100000000)
  eden space 33792K, 82% used [0x00000000eaa80000,0x00000000ec5a3d80,0x00000000ecb80000)
  from space 2560K, 0% used [0x00000000ece00000,0x00000000ece00000,0x00000000ed080000)
  to   space 2560K, 0% used [0x00000000ecb80000,0x00000000ecb80000,0x00000000ece00000)
 ParOldGen       total 43520K, used 18630K [0x00000000c0000000, 0x00000000c2a80000, 0x00000000eaa80000)
  object space 43520K, 42% used [0x00000000c0000000,0x00000000c1231930,0x00000000c2a80000)
 PSPermGen       total 29184K, used 14574K [0x00000000bae00000, 0x00000000bca80000, 0x00000000c0000000)
  object space 29184K, 49% used [0x00000000bae00000,0x00000000bbc3bb70,0x00000000bca80000)
GC Heap History (10 events):
Event: 2.328 GC heap before
{Heap before GC invocations=1 (full 0):
 PSYoungGen      total 19456K, used 16896K [0x00000000eaa80000, 0x00000000ec000000, 0x0000000100000000)
  eden space 16896K, 100% used [0x00000000eaa80000,0x00000000ebb00000,0x00000000ebb00000)
  from space 2560K, 0% used [0x00000000ebd80000,0x00000000ebd80000,0x00000000ec000000)
  to   space 2560K, 0% used [0x00000000ebb00000,0x00000000ebb00000,0x00000000ebd80000)
 ParOldGen       total 43520K, used 0K [0x00000000c0000000, 0x00000000c2a80000, 0x00000000eaa80000)
  object space 43520K, 0% used [0x00000000c0000000,0x00000000c0000000,0x00000000c2a80000)
 PSPermGen       total 21504K, used 8622K [0x00000000bae00000, 0x00000000bc300000, 0x00000000c0000000)
  object space 21504K, 40% used [0x00000000bae00000,0x00000000bb66b9e8,0x00000000bc300000)
Event: 2.336 GC heap after
Heap after GC invocations=1 (full 0):
 PSYoungGen      total 19456K, used 2541K [0x00000000eaa80000, 0x00000000ec000000, 0x0000000100000000)
  eden space 16896K, 0% used [0x00000000eaa80000,0x00000000eaa80000,0x00000000ebb00000)
  from space 2560K, 99% used [0x00000000ebb00000,0x00000000ebd7b558,0x00000000ebd80000)
  to   space 2560K, 0% used [0x00000000ebd80000,0x00000000ebd80000,0x00000000ec000000)
 ParOldGen       total 43520K, used 4579K [0x00000000c0000000, 0x00000000c2a80000, 0x00000000eaa80000)
  object space 43520K, 10% used [0x00000000c0000000,0x00000000c0478f30,0x00000000c2a80000)
 PSPermGen       total 21504K, used 8622K [0x00000000bae00000, 0x00000000bc300000, 0x00000000c0000000)
  object space 21504K, 40% used [0x00000000bae00000,0x00000000bb66b9e8,0x00000000bc300000)
}
Event: 2.563 GC heap before
{Heap before GC invocations=2 (full 0):
 PSYoungGen      total 19456K, used 19437K [0x00000000eaa80000, 0x00000000ec000000, 0x0000000100000000)
  eden space 16896K, 100% used [0x00000000eaa80000,0x00000000ebb00000,0x00000000ebb00000)
  from space 2560K, 99% used [0x00000000ebb00000,0x00000000ebd7b558,0x00000000ebd80000)
  to   space 2560K, 0% used [0x00000000ebd80000,0x00000000ebd80000,0x00000000ec000000)
 ParOldGen       total 43520K, used 4579K [0x00000000c0000000, 0x00000000c2a80000, 0x00000000eaa80000)
  object space 43520K, 10% used [0x00000000c0000000,0x00000000c0478f30,0x00000000c2a80000)
 PSPermGen       total 21504K, used 8655K [0x00000000bae00000, 0x00000000bc300000, 0x00000000c0000000)
  object space 21504K, 40% used [0x00000000bae00000,0x00000000bb673fc8,0x00000000bc300000)
Event: 2.573 GC heap after
Heap after GC invocations=2 (full 0):
 PSYoungGen      total 19456K, used 2552K [0x00000000eaa80000, 0x00000000ed080000, 0x0000000100000000)
  eden space 16896K, 0% used [0x00000000eaa80000,0x00000000eaa80000,0x00000000ebb00000)
  from space 2560K, 99% used [0x00000000ebd80000,0x00000000ebffe270,0x00000000ec000000)
  to   space 2560K, 0% used [0x00000000ebb00000,0x00000000ebb00000,0x00000000ebd80000)
 ParOldGen       total 43520K, used 18146K [0x00000000c0000000, 0x00000000c2a80000, 0x00000000eaa80000)
  object space 43520K, 41% used [0x00000000c0000000,0x00000000c11b8978,0x00000000c2a80000)
 PSPermGen       total 21504K, used 8655K [0x00000000bae00000, 0x00000000bc300000, 0x00000000c0000000)
  object space 21504K, 40% used [0x00000000bae00000,0x00000000bb673fc8,0x00000000bc300000)
}
Event: 3.069 GC heap before
{Heap before GC invocations=3 (full 0):
 PSYoungGen      total 19456K, used 19448K [0x00000000eaa80000, 0x00000000ed080000, 0x0000000100000000)
  eden space 16896K, 100% used [0x00000000eaa80000,0x00000000ebb00000,0x00000000ebb00000)
  from space 2560K, 99% used [0x00000000ebd80000,0x00000000ebffe270,0x00000000ec000000)
  to   space 2560K, 0% used [0x00000000ebb00000,0x00000000ebb00000,0x00000000ebd80000)
 ParOldGen       total 43520K, used 18146K [0x00000000c0000000, 0x00000000c2a80000, 0x00000000eaa80000)
  object space 43520K, 41% used [0x00000000c0000000,0x00000000c11b8978,0x00000000c2a80000)
 PSPermGen       total 21504K, used 14018K [0x00000000bae00000, 0x00000000bc300000, 0x00000000c0000000)
  object space 21504K, 65% used [0x00000000bae00000,0x00000000bbbb0ad8,0x00000000bc300000)
Event: 3.076 GC heap after
Heap after GC invocations=3 (full 0):
 PSYoungGen      total 19456K, used 2547K [0x00000000eaa80000, 0x00000000ed080000, 0x0000000100000000)
  eden space 16896K, 0% used [0x00000000eaa80000,0x00000000eaa80000,0x00000000ebb00000)
  from space 2560K, 99% used [0x00000000ebb00000,0x00000000ebd7cf90,0x00000000ebd80000)
  to   space 2560K, 0% used [0x00000000ece00000,0x00000000ece00000,0x00000000ed080000)
 ParOldGen       total 43520K, used 24059K [0x00000000c0000000, 0x00000000c2a80000, 0x00000000eaa80000)
  object space 43520K, 55% used [0x00000000c0000000,0x00000000c177efd8,0x00000000c2a80000)
 PSPermGen       total 21504K, used 14018K [0x00000000bae00000, 0x00000000bc300000, 0x00000000c0000000)
  object space 21504K, 65% used [0x00000000bae00000,0x00000000bbbb0ad8,0x00000000bc300000)
}
Event: 5.562 GC heap before
{Heap before GC invocations=4 (full 0):
 PSYoungGen      total 19456K, used 6406K [0x00000000eaa80000, 0x00000000ed080000, 0x0000000100000000)
  eden space 16896K, 22% used [0x00000000eaa80000,0x00000000eae44948,0x00000000ebb00000)
  from space 2560K, 99% used [0x00000000ebb00000,0x00000000ebd7cf90,0x00000000ebd80000)
  to   space 2560K, 0% used [0x00000000ece00000,0x00000000ece00000,0x00000000ed080000)
 ParOldGen       total 43520K, used 24059K [0x00000000c0000000, 0x00000000c2a80000, 0x00000000eaa80000)
  object space 43520K, 55% used [0x00000000c0000000,0x00000000c177efd8,0x00000000c2a80000)
 PSPermGen       total 21504K, used 14577K [0x00000000bae00000, 0x00000000bc300000, 0x00000000c0000000)
  object space 21504K, 67% used [0x00000000bae00000,0x00000000bbc3c568,0x00000000bc300000)
Event: 5.566 GC heap after
Heap after GC invocations=4 (full 0):
 PSYoungGen      total 36352K, used 2547K [0x00000000eaa80000, 0x00000000ed080000, 0x0000000100000000)
  eden space 33792K, 0% used [0x00000000eaa80000,0x00000000eaa80000,0x00000000ecb80000)
  from space 2560K, 99% used [0x00000000ece00000,0x00000000ed07cf90,0x00000000ed080000)
  to   space 2560K, 0% used [0x00000000ecb80000,0x00000000ecb80000,0x00000000ece00000)
 ParOldGen       total 43520K, used 24243K [0x00000000c0000000, 0x00000000c2a80000, 0x00000000eaa80000)
  object space 43520K, 55% used [0x00000000c0000000,0x00000000c17acdd0,0x00000000c2a80000)
 PSPermGen       total 21504K, used 14577K [0x00000000bae00000, 0x00000000bc300000, 0x00000000c0000000)
  object space 21504K, 67% used [0x00000000bae00000,0x00000000bbc3c568,0x00000000bc300000)
}
Event: 5.566 GC heap before
{Heap before GC invocations=5 (full 1):
 PSYoungGen      total 36352K, used 2547K [0x00000000eaa80000, 0x00000000ed080000, 0x0000000100000000)
  eden space 33792K, 0% used [0x00000000eaa80000,0x00000000eaa80000,0x00000000ecb80000)
  from space 2560K, 99% used [0x00000000ece00000,0x00000000ed07cf90,0x00000000ed080000)
  to   space 2560K, 0% used [0x00000000ecb80000,0x00000000ecb80000,0x00000000ece00000)
 ParOldGen       total 43520K, used 24243K [0x00000000c0000000, 0x00000000c2a80000, 0x00000000eaa80000)
  object space 43520K, 55% used [0x00000000c0000000,0x00000000c17acdd0,0x00000000c2a80000)
 PSPermGen       total 21504K, used 14577K [0x00000000bae00000, 0x00000000bc300000, 0x00000000c0000000)
  object space 21504K, 67% used [0x00000000bae00000,0x00000000bbc3c568,0x00000000bc300000)
Event: 5.626 GC heap after
Heap after GC invocations=5 (full 1):
 PSYoungGen      total 36352K, used 0K [0x00000000eaa80000, 0x00000000ed080000, 0x0000000100000000)
  eden space 33792K, 0% used [0x00000000eaa80000,0x00000000eaa80000,0x00000000ecb80000)
  from space 2560K, 0% used [0x00000000ece00000,0x00000000ece00000,0x00000000ed080000)
  to   space 2560K, 0% used [0x00000000ecb80000,0x00000000ecb80000,0x00000000ece00000)
 ParOldGen       total 43520K, used 18630K [0x00000000c0000000, 0x00000000c2a80000, 0x00000000eaa80000)
  object space 43520K, 42% used [0x00000000c0000000,0x00000000c1231930,0x00000000c2a80000)
 PSPermGen       total 29184K, used 14573K [0x00000000bae00000, 0x00000000bca80000, 0x00000000c0000000)
  object space 29184K, 49% used [0x00000000bae00000,0x00000000bbc3b740,0x00000000bca80000)
}

